This file contains any messages produced by compilers while
running configure, to aid debugging if configure makes a mistake.

It was created by DrawCircle configure 0.1.0, which was
generated by GNU Autoconf 2.69.  Invocation command line was

  $ ./configure --with-libtool-sysroot=/opt/clanton-tiny/1.4.2/sysroots --target=i586-poky-linux-uclibc --host=i586-poky-linux-uclibc --build=i686-linux --with-libtool-sysroot=/opt/clanton-tiny/1.4.2/sysroots/i586-poky-linux-uclibc

## --------- ##
## Platform. ##
## --------- ##

hostname = intellab
uname -m = i686
uname -r = 3.11.0-20-generic
uname -s = Linux
uname -v = #34~precise1-Ubuntu SMP Thu Apr 3 17:26:42 UTC 2014

/usr/bin/uname -p = unknown
/bin/uname -X     = unknown

/bin/arch              = unknown
/usr/bin/arch -k       = unknown
/usr/convex/getsysinfo = unknown
/usr/bin/hostinfo      = unknown
/bin/machine           = unknown
/usr/bin/oslevel       = unknown
/bin/universe          = unknown

PATH: /opt/clanton-tiny/1.4.2/sysroots/i686-pokysdk-linux/usr/bin
PATH: /opt/clanton-tiny/1.4.2/sysroots/i686-pokysdk-linux/usr/bin/i586-poky-linux-uclibc
PATH: /usr/lib/lightdm/lightdm
PATH: /usr/local/sbin
PATH: /usr/local/bin
PATH: /usr/sbin
PATH: /usr/bin
PATH: /sbin
PATH: /bin
PATH: /usr/games
PATH: /usr/local/bin/eclipse/


## ----------- ##
## Core tests. ##
## ----------- ##

configure:2148: loading site script /opt/clanton-tiny/1.4.2/site-config-i586-poky-linux-uclibc
| ac_cv_c_littleendian=${ac_cv_c_littleendian=yes}
| ac_cv_c_bigendian=${ac_cv_c_bigendian=no}
| 
| # libnet
| ac_cv_libnet_endianess=${ac_cv_libnet_endianess=lil}
| 
| # libmemcached
| ac_cv_c_endian=little
| # general
| ac_cv_sizeof_char=${ac_cv_sizeof_char=1}
| ac_cv_sizeof_unsigned_char=${ac_cv_sizeof_unsigned_char=1}
| ac_cv_sizeof_char_p=${ac_cv_sizeof_char_p=4}
| ac_cv_sizeof_unsigned_char_p=${ac_cv_sizeof_unsigned_char_p=4}
| ac_cv_sizeof_int=${ac_cv_sizeof_int=4}
| ac_cv_sizeof_unsigned_int=${ac_cv_sizeof_unsigned_int=4}
| ac_cv_sizeof_int_p=${ac_cv_sizeof_int_p=4}
| ac_cv_sizeof_long=${ac_cv_sizeof_long=4}
| ac_cv_sizeof_unsigned_long=${ac_cv_sizeof_unsigned_long=4}
| ac_cv_sizeof_long_long=${ac_cv_sizeof_long_long=8}
| ac_cv_sizeof_unsigned_long_long=${ac_cv_sizeof_unsigned_long_long=8}
| ac_cv_sizeof_short=${ac_cv_sizeof_short=2}
| ac_cv_sizeof_unsigned_short=${ac_cv_sizeof_unsigned_short=2}
| ac_cv_sizeof_size_t=${ac_cv_sizeof_size_t=4}
| ac_cv_sizeof_ssize_t=${ac_cv_sizeof_ssize_t=4}
| ac_cv_sizeof_void_p=${ac_cv_sizeof_void_p=4}
| ac_cv_sizeof_long_p=${ac_cv_sizeof_long_p=4}
| ac_cv_sizeof_float=${ac_cv_sizeof_float=4}
| ac_cv_sizeof_off_t=${ac_cv_sizeof_off_t=4}
| ac_cv_sizeof_uid_t=${ac_cv_sizeof_uid_t=4}
| ac_cv_sizeof_gid_t=${ac_cv_sizeof_gid_t=4}
| ac_cv_sizeof_ino_t=${ac_cv_sizeof_ino_t=4}
| ac_cv_sizeof_dev_t=${ac_cv_sizeof_dev_t=8}
| ac_cv_func_lstat_dereferences_slashed_symlink=${ac_cv_func_lstat_dereferences_slashed_symlink=yes}
| ac_cv_func_lstat_empty_string_bug=${ac_cv_func_lstat_empty_string_bug=no}
| ac_cv_func_pthread_key_delete=${ac_cv_func_pthread_key_delete=yes}
| ac_cv_func_setvbuf_reversed=${ac_cv_func_setvbuf_reversed=no}
| ac_cv_func_stat_empty_string_bug=${ac_cv_func_stat_empty_string_bug=no}
| ac_cv_func_stat_ignores_trailing_slash=${ac_cv_func_stat_ignores_trailing_slash=no}
| ac_cv_va_val_copy=${ac_cv_va_val_copy=yes}
| 
| ac_cv_header_netinet_sctp_h=${ac_cv_header_netinet_sctp_h=no}
| ac_cv_header_netinet_sctp_uio_h=${ac_cv_header_netinet_sctp_uio_h=no}
| ac_cv_linux_vers=${ac_cv_linux_vers=2}
| ac_cv_sctp=${ac_cv_sctp=no}
| 
| apr_cv_process_shared_works=${apr_cv_process_shared_works=no}
| apr_cv_tcp_nodelay_with_cork=${apr_cv_tcp_nodelay_with_cork=yes}
| 
| ac_cv_path_ESD_CONFIG=no
| lf_cv_sane_realloc=yes
| jm_cv_func_gettimeofday_clobber=no
| samba_cv_HAVE_GETTIMEOFDAY_TZ=yes
| bf_lsbf=1
| ac_cv_uchar=${ac_cv_uchar=no}
| ac_cv_uint=${ac_cv_uint=yes}
| ac_cv_ulong=${ac_cv_ulong=yes}
| ac_cv_ushort=${ac_cv_ushort=yes}
| 
| # audacity
| ac_cv_file_lib_src_libmad_frame_h=${ac_cv_file_lib_src_libmad_frame_h=no}
| 
| # bash
| ac_cv_c_long_double=${ac_cv_c_long_double=yes}
| bash_cv_func_sigsetjmp=${bash_cv_func_sigsetjmp=missing}
| 
| # clamav
| clamav_av_func_working_snprintf_long=${clamav_av_func_working_snprintf_long=yes}
| clamav_av_have_in_port_t=${clamav_av_have_in_port_t=yes}
| clamav_av_have_in_addr_t=${clamav_av_have_in_addr_t=yes}
| ac_cv_func_mmap_fixed_mapped=${ac_cv_func_mmap_fixed_mapped=yes}
| 
| # cvs
| cvs_cv_func_printf_ptr=${cvs_cv_func_printf_ptr=yes}
| 
| # db
| db_cv_alignp_t=${db_cv_alignp_t='unsigned long'}
| db_cv_align_t=${db_cv_align_t='unsigned long long'}
| db_cv_fcntl_f_setfd=${db_cv_fcntl_f_setfd=yes}
| db_cv_sprintf_count=${db_cv_sprintf_count=yes}
| 
| # D-BUS
| ac_cv_func_posix_getpwnam_r=${ac_cv_func_posix_getpwnam_r=yes}
| 
| # ettercap
| ettercap_cv_type_socklen_t=${ettercap_cv_type_socklen_t=yes}
| 
| # gettext
| am_cv_func_working_getline=${am_cv_func_working_getline=yes}
| 
| # glib
| glib_cv_sizeof_system_thread=${glib_cv_sizeof_system_thread=4}
| glib_cv_has__inline=${glib_cv_has__inline=yes}
| glib_cv_has__inline__=${glib_cv_has__inline__=yes}
| glib_cv_hasinline=${glib_cv_hasinline=yes}
| glib_cv_sane_realloc=${glib_cv_sane_realloc=yes}
| glib_cv_sizeof_gmutex=${glib_cv_sizeof_gmutex=24}
| glib_cv_sys_pthread_cond_timedwait_posix=${glib_cv_sys_pthread_cond_timedwait_posix=yes}
| glib_cv_sys_pthread_getspecific_posix=${glib_cv_sys_pthread_getspecific_posix=yes}
| glib_cv_sys_pthread_mutex_trylock_posix=${glib_cv_sys_pthread_mutex_trylock_posix=yes}
| glib_cv_uscore=${glib_cv_uscore=no}
| glib_cv_va_val_copy=${glib_cv_va_val_copy=yes}
| glib_cv_rtldglobal_broken=${glib_cv_rtldglobal_broken=yes}
| 
| # glib-2.0
| glib_cv_stack_grows=${glib_cv_stack_grows=no}
| utils_cv_sys_open_max=${utils_cv_sys_open_max=1015}
| glib_cv_use_pid_surrogate=${glib_cv_use_pid_surrogate=yes}
| ac_cv_alignof_guint32=4
| ac_cv_alignof_guint64=4
| ac_cv_alignof_unsigned_long=4
| 
| # guile
| ac_cv_uchar=${ac_cv_uchar=no}
| ac_cv_uint=${ac_cv_uint=yes}
| ac_cv_ulong=${ac_cv_ulong=yes}
| ac_cv_ushort=${ac_cv_ushort=yes}
| 
| # intercom
| ac_cv_func_fnmatch_works=${ac_cv_func_fnmatch_works=yes}
| 
| # jikes-native
| ac_cv_sizeof_wchar_t=4
| 
| # lftp
| ac_cv_need_trio=${ac_cv_need_trio=no}
| lftp_cv_va_val_copy=${lftp_cv_va_val_copy=yes}
| 
| # libidl
| libIDL_cv_long_long_format=${libIDL_cv_long_long_format=ll}
| 
| # libnet 
| ac_cv_lbl_unaligned_fail=${ac_cv_lbl_unaligned_fail=no}
| ac_libnet_have_packet_socket=${ac_libnet_have_packet_socket=yes}
| 
| # libxfce4util
| with_broken_putenv=${with_broken_putenv=no}
| 
| # mysql
| mysql_cv_func_atomic_sub=${mysql_cv_func_atomic_sub=yes}
| mysql_cv_func_atomic_add=${mysql_cv_func_atomic_add=yes}
| 
| # ORBit2
| ac_cv_alignof_CORBA_boolean=1
| ac_cv_alignof_CORBA_char=1
| ac_cv_alignof_CORBA_double=4
| ac_cv_alignof_CORBA_float=4
| ac_cv_alignof_CORBA_long=4
| ac_cv_alignof_CORBA_long_double=4
| ac_cv_alignof_CORBA_long_long=4
| ac_cv_alignof_CORBA_octet=1
| ac_cv_alignof_CORBA_pointer=4
| ac_cv_alignof_CORBA_short=2
| ac_cv_alignof_CORBA_struct=4
| ac_cv_alignof_CORBA_wchar=2
| 
| # php
| ac_cv_pread=${ac_cv_pread=no}
| ac_cv_pwrite=${ac_cv_pwrite=no}
| php_cv_lib_cookie_io_functions_use_off64_t=${php_cv_lib_cookie_io_functions_use_off64_t=yes}
| 
| # rsync
| rsync_cv_HAVE_BROKEN_LARGEFILE=${rsync_cv_HAVE_BROKEN_LARGEFILE=no}
| rsync_cv_HAVE_SOCKETPAIR=${rsync_cv_HAVE_SOCKETPAIR=yes}
| rsync_cv_HAVE_LONGLONG=${rsync_cv_HAVE_LONGLONG=yes}
| rsync_cv_HAVE_OFF64_T=${rsync_cv_HAVE_OFF64_T=no}
| rsync_cv_HAVE_SHORT_INO_T=${rsync_cv_HAVE_SHORT_INO_T=no}
| rsync_cv_HAVE_UNSIGNED_CHAR=${rsync_cv_HAVE_UNSIGNED_CHAR=no}
| rsync_cv_HAVE_BROKEN_READDIR=${rsync_cv_HAVE_BROKEN_READDIR=no}
| rsync_cv_HAVE_GETTIMEOFDAY_TZ=${rsync_cv_HAVE_GETTIMEOFDAY_TZ=yes}
| rsync_cv_HAVE_C99_VSNPRINTF=${rsync_cv_HAVE_C99_VSNPRINTF=yes}
| rsync_cv_HAVE_SECURE_MKSTEMP=${rsync_cv_HAVE_SECURE_MKSTEMP=yes}
| rsync_cv_REPLACE_INET_NTOA=${rsync_cv_REPLACE_INET_NTOA=no}
| rsync_cv_REPLACE_INET_ATON=${rsync_cv_REPLACE_INET_ATON=no}
| 
| # samba
| samba_cv_HAVE_GETTIMEOFDAY_TZ=${samba_cv_HAVE_GETTIMEOFDAY_TZ=yes}
| 
| # screen
| screen_cv_sys_bcopy_overlap=${screen_cv_sys_bcopy_overlap=no}
| screen_cv_sys_memcpy_overlap=${screen_cv_sys_memcpy_overlap=no}
| screen_cv_sys_memmove_overlap=${screen_cv_sys_memmove_overlap=no}
| screen_cv_sys_fifo_broken_impl=${screen_cv_sys_fifo_broken_impl=yes}
| screen_cv_sys_fifo_usable=${screen_cv_sys_fifo_usable=yes}
| screen_cv_sys_select_broken_retval=${screen_cv_sys_select_broken_retval=no}
| screen_cv_sys_sockets_nofs=${screen_cv_sys_sockets_nofs=no}
| screen_cv_sys_sockets_usable=${screen_cv_sys_sockets_usable=yes}
| screen_cv_sys_terminfo_used=${screen_cv_sys_terminfo_used=yes}
| 
| # slrn
| slrn_cv_va_val_copy=${slrn_cv_va_val_copy=yes}
| 
| # ssh
| ac_cv_have_space_d_name_in_struct_dirent=${ac_cv_dirent_have_space_d_name=yes}
| ac_cv_have_broken_snprintf=${ac_cv_have_broken_snprintf=no}
| ac_cv_have_accrights_in_msghdr=${ac_cv_have_accrights_in_msghdr=no}
| ac_cv_have_control_in_msghdr=${ac_cv_have_control_in_msghdr=yes}
| ac_cv_type_struct_timespec=${ac_cv_type_struct_timespec=yes}
| ac_cv_have_openpty_ctty_bug=${ac_cv_have_openpty_ctty_bug=yes}
| 
| # startup-notification
| lf_cv_sane_realloc=yes
| 
| # xffm
| jm_cv_func_working_readdir=yes
| 
| # xorg X11R7
| ac_cv_sys_linker_h=${ac_cv_sys_linker_h=no}
| ac_cv_file__usr_share_X11_sgml_defs_ent=${ac_cv_file__usr_share_X11_sgml_defs_ent=no}
| 
| # evolution-data-server
| ac_cv_libiconv_utf8=${ac_cv_libiconv_utf8=yes}
| 
| #dbus
| ac_cv_have_abstract_sockets=${ac_cv_have_abstract_sockets=yes}
| 
| #libpciaccess
| have_mtrr_h=yes
| 
| #mozilla
| moz_cv_size_of_JS_BYTES_PER_WORD=4
| moz_cv_align_of_JS_ALIGN_OF_POINTER=4
| moz_cv_size_of_JS_BYTES_PER_DOUBLE=8
| 
| #ofono
| ac_cv_lib_c_signalfd=${ac_cv_lib_c_signalfd=yes}
| 
| #unfs-server
| nfsd_cv_broken_setfsuid=${nfsd_cv_broken_setfsuid=0}
| nfsd_cv_func_statfs=${nfsd_cv_func_statfs=statfs2_bsize}
| nfsd_cv_bsd_signals=${nfsd_cv_bsd_signals=yes}
| 
| # dbind, in at-spi2-core
| ac_cv_alignof_char=1
| ac_cv_alignof_dbind_pointer=4
| ac_cv_alignof_dbind_struct=1
| ac_cv_alignof_dbus_bool_t=4
| ac_cv_alignof_dbus_int16_t=2
| ac_cv_alignof_dbus_int32_t=4
| ac_cv_alignof_dbus_int64_t=4
| ac_cv_alignof_double=4
| # apr
| ac_cv_file__dev_zero=${ac_cv_file__dev_zero=yes}
| ac_cv_sizeof_pid_t=${ac_cv_sizeof_pid_t=4}
| 
| # samba
| samba_cv_HAVE_IFACE_AIX=${samba_cv_HAVE_IFACE_AIX=no}
| samba_cv_HAVE_IFACE_IFCONF=${samba_cv_HAVE_IFACE_IFCONF=yes}
| samba_cv_HAVE_IFACE_IFREQ=${samba_cv_HAVE_IFACE_IFREQ=yes}
| samba_cv_HAVE_IRIX_SPECIFIC_CAPABILITIES=${samba_cv_HAVE_IRIX_SPECIFIC_CAPABILITIES=no}
| 
| # db
| db_cv_path_ar=${db_cv_path_ar=/usr/bin/ar}
| db_cv_path_chmod=${db_cv_path_chmod=/bin/chmod}
| db_cv_path_cp=${db_cv_path_cp=/bin/cp}
| db_cv_path_ln=${db_cv_path_ln=/bin/ln}
| db_cv_path_mkdir=${db_cv_path_mkdir=/bin/mkdir}
| db_cv_path_ranlib=${db_cv_path_ranlib=/usr/bin/ranlib}
| db_cv_path_rm=${db_cv_path_rm=/bin/rm}
| db_cv_path_sh=${db_cv_path_sh=/bin/sh}
| db_cv_path_strip=${db_cv_path_strip=/usr/bin/strip}
| 
| # bash
| bash_cv_have_mbstate_t=${bash_cv_have_mbstate_t=yes}
| bash_cv_must_reinstall_sighandlers=${bash_cv_must_reinstall_sighandlers=no}
| bash_cv_func_strcoll_broken=${bash_cv_func_strcoll_broken=no}
| bash_cv_dup2_broken=${bash_cv_dup2_broken=no}
| bash_cv_opendir_not_robust=${bash_cv_opendir_not_robust=no}
| bash_cv_type_rlimit=${bash_cv_type_rlimit=rlim_t}
| bash_cv_getenv_redef=${bash_cv_getenv_redef=yes}
| bash_cv_ulimit_maxfds=${bash_cv_ulimit_maxfds=yes}
| bash_cv_getcwd_calls_popen=${bash_cv_getcwd_calls_popen=no}
| bash_cv_printf_a_format=${bash_cv_printf_a_format=yes}
| bash_cv_pgrp_pipe=${bash_cv_pgrp_pipe=no}
| bash_cv_job_control_missing=${bash_cv_job_control_missing=present}
| bash_cv_sys_named_pipes=${bash_cv_sys_named_pipes=present}
| bash_cv_unusable_rtsigs=${bash_cv_unusable_rtsigs=no}
| 
| # coreutils
| gl_cv_func_fstatat_zero_flag=${gl_cv_func_fstatat_zero_flag=yes}
| 
| # mysql
| ac_cv_sys_restartable_syscalls=${ac_cv_sys_restartable_syscalls=yes}
| ac_cv_conv_longlong_to_float=${ac_cv_conv_longlong_to_float=yes}
| 
| # TCL
| tcl_cv_api_serial=${tcl_cv_api_serial=termios}
| 
| # python
| ac_cv_have_long_long_format=yes
| 
| # apache
| ac_cv_o_nonblock_inherited=${ac_cv_o_nonblock_inherited=no}
| # general
| ac_cv_have_decl_sys_siglist=${ac_cv_have_decl_sys_siglist=no}
| ac_cv_func_realloc_works=${ac_cv_func_realloc_works=yes}
| ac_cv_func_realloc_0_nonnull=${ac_cv_func_realloc_0_nonnull=yes}
| ac_cv_func_malloc_works=${ac_cv_func_malloc_works=yes}
| ac_cv_func_malloc_0_nonnull=${ac_cv_func_malloc_0_nonnull=yes}
| ac_cv_func_getpgrp_void=yes
| ac_cv_func_setpgrp_void=yes
| ac_cv_func_setgrent_void=yes
| ac_cv_func_getgrgid_r=${ac_cv_func_getgrgid_r=yes}
| ac_cv_func_getpwuid_r=${ac_cv_func_getpwuid_r=yes}
| ac_cv_func_posix_getpwuid_r=${ac_cv_func_posix_getpwuid_r=yes}
| ac_cv_func_posix_getgrgid_r=${ac_cv_func_posix_getgrgid_r=yes}
| ac_cv_func_getaddrinfo=${ac_cv_func_getaddrinfo=yes}
| 
| # glib
| glib_cv_strlcpy=${glib_cv_strlcpy=no}
| ac_cv_func_printf_unix98=${ac_cv_func_printf_unix98=yes}
| ac_cv_func_snprintf_c99=${ac_cv_func_snprintf_c99=yes}
| ac_cv_func_vsnprintf_c99=${ac_cv_func_vsnprintf_c99=yes}
| glib_cv_compliant_posix_memalign=${glib_cv_compliant_posix_memalign=1}
| glib_cv_long_long_format=${glib_cv_long_long_format=ll}
| glib_cv_have_qsort_r=${glib_cv_have_qsort_r=no}
| 
| #dbus-glib
| ac_cv_have_abstract_sockets=${ac_cv_have_abstract_sockets=yes}
| 
| # bash
| bash_cv_under_sys_siglist=${bash_cv_under_sys_siglist=no}
| bash_cv_sys_siglist=${bash_cv_sys_siglist=no}
| 
| # coreutils
| fu_cv_sys_stat_statfs2_bsize=${fu_cv_sys_stat_statfs2_bsize=yes}
| gl_cv_func_gettimeofday_clobber=${gl_cv_func_gettimeofday_clobber=no}
| gl_cv_func_tzset_clobber=${gl_cv_func_tzset_clobber=no}
| gl_cv_func_gettimeofday_posix_signature=${gl_cv_func_gettimeofday_posix_signature=yes}
| ac_cv_func_posix_spawn=${ac_cv_func_posix_spawn=yes}
| ac_cv_func_posix_spawn_works=${ac_cv_func_posix_spawn_works=yes}
| 
| # va_copy and _va_copy
| ac_cv_va_copy=${ac_cv_va_copy=yes}
| ac_cv___va_copy=${ac_cv___va_copy=yes}
| ac_cv_func_va_copy=${ac_cv_func_va_copy=yes}
| ac_cv_func___va_copy=${ac_cv_func___va_copy=yes}
| 
| # posix_getpwuid_r posix_getgrgid_r posix_getpwnam_r
| ac_cv_func_posix_getpwuid_r=${ac_cv_func_posix_getpwuid_r=yes}
| ac_cv_func_posix_getgrgid_r=${ac_cv_func_posix_getgrgid_r=yes}
| ac_cv_func_posix_getpwnam_r=${ac_cv_func_posix_getpwnam_r=yes}
| # libelf
| mr_cv_target_elf=${mr_cv_target_elf=yes}
| 
| # Normally kernels have /dev/random enabled
| ac_cv_file__dev_random=${ac_cv_file__dev_random=yes}
| 
| # Avoid sudo to assume void for unsetenv in cross environment, or else it conflicts with
| # target stdlib.h prototype which follows POSIX compiliance. Mark for upstream.
| sudo_cv_func_unsetenv_void=no
| 
| # shadow dir info, to avoid searching build system
| shadow_cv_maildir=${localstatedir}/spool/mail
| shadow_cv_mailfile=Mailbox
| shadow_cv_utmpdir=${localstatedir}/run
| shadow_cv_logdir=${localstatedir}/log
| shadow_cv_passwd_dir=${bindir}
| 
| # python: deactivate a runtime check for ipv6-support in python >=2.7.1 that fails when cross-compiling
| ac_cv_buggy_getaddrinfo=no
| # rp-pppoe
| rpppoe_cv_pack_bitfields=${rpppoe_cv_pack_bitfields=rev}
| ac_cv_header_X=${ac_cv_header_X=no}
| ac_cv_header__CC=${ac_cv_header__CC=no}
| ac_cv_header__CFLAGS=${ac_cv_header__CFLAGS=no}
| ac_cv_header__CPPFLAGS=${ac_cv_header__CPPFLAGS=no}
| ac_cv_header___5=${ac_cv_header___5=no}
| ac_cv_header__c=${ac_cv_header__c=no}
| ac_cv_header_conftest__ac_ext=${ac_cv_header_conftest__ac_ext=no}
| ac_cv_header_curses_h=${ac_cv_header_curses_h=yes}
| ac_cv_header_inttypes_h=${ac_cv_header_inttypes_h=yes}
| ac_cv_header_memory_h=${ac_cv_header_memory_h=yes}
| ac_cv_header_ncurses_curses_h=${ac_cv_header_ncurses_curses_h=no}
| ac_cv_header_ncurses_h=${ac_cv_header_ncurses_h=yes}
| ac_cv_header_ncurses_termcap_h=${ac_cv_header_ncurses_termcap_h=no}
| ac_cv_header_stdc=${ac_cv_header_stdc=yes}
| ac_cv_header_stdint_h=${ac_cv_header_stdint_h=yes}
| ac_cv_header_stdlib_h=${ac_cv_header_stdlib_h=yes}
| ac_cv_header_string_h=${ac_cv_header_string_h=yes}
| ac_cv_header_strings_h=${ac_cv_header_strings_h=yes}
| ac_cv_header_sys_stat_h=${ac_cv_header_sys_stat_h=yes}
| ac_cv_header_sys_types_h=${ac_cv_header_sys_types_h=yes}
| ac_cv_header_unistd_h=${ac_cv_header_unistd_h=yes}
configure:2289: checking for a BSD-compatible install
configure:2357: result: /usr/bin/install -c
configure:2368: checking whether build environment is sane
configure:2423: result: yes
configure:2482: checking for i586-poky-linux-uclibc-strip
configure:2509: result: i586-poky-linux-uclibc-strip
configure:2574: checking for a thread-safe mkdir -p
configure:2613: result: /bin/mkdir -p
configure:2620: checking for gawk
configure:2636: found /usr/bin/gawk
configure:2647: result: gawk
configure:2658: checking whether make sets $(MAKE)
configure:2680: result: yes
configure:2800: checking build system type
configure:2814: result: i686-pc-linux-gnu
configure:2834: checking host system type
configure:2847: result: i586-poky-linux-uclibc
configure:2888: checking how to print strings
configure:2915: result: printf
configure:2948: checking for style of include used by make
configure:2976: result: GNU
configure:3007: checking for i586-poky-linux-uclibc-gcc
configure:3034: result: i586-poky-linux-uclibc-gcc  -m32 -march=i586 --sysroot=/opt/clanton-tiny/1.4.2/sysroots/i586-poky-linux-uclibc
configure:3303: checking for C compiler version
configure:3312: i586-poky-linux-uclibc-gcc  -m32 -march=i586 --sysroot=/opt/clanton-tiny/1.4.2/sysroots/i586-poky-linux-uclibc --version >&5
i586-poky-linux-uclibc-gcc (GCC) 4.7.2
Copyright (C) 2012 Free Software Foundation, Inc.
This is free software; see the source for copying conditions.  There is NO
warranty; not even for MERCHANTABILITY or FITNESS FOR A PARTICULAR PURPOSE.

configure:3323: $? = 0
configure:3312: i586-poky-linux-uclibc-gcc  -m32 -march=i586 --sysroot=/opt/clanton-tiny/1.4.2/sysroots/i586-poky-linux-uclibc -v >&5
Using built-in specs.
COLLECT_GCC=i586-poky-linux-uclibc-gcc
COLLECT_LTO_WRAPPER=/opt/clanton-tiny/1.4.2/sysroots/i686-pokysdk-linux/usr/libexec/i586-poky-linux-uclibc/gcc/i586-poky-linux-uclibc/4.7.2/lto-wrapper
Target: i586-poky-linux-uclibc
Configured with: /home/intellab/Galileo/Build/BSP_v0.7.5/meta-clanton_v0.7.5/yocto_build/tmp/work-shared/gcc-4.7.2-r20/gcc-4.7.2/configure --build=i686-linux --host=i686-pokysdk-linux --target=i586-poky-linux-uclibc --prefix=/opt/clanton-tiny/1.4.2/sysroots/i686-pokysdk-linux/usr --exec_prefix=/opt/clanton-tiny/1.4.2/sysroots/i686-pokysdk-linux/usr --bindir=/opt/clanton-tiny/1.4.2/sysroots/i686-pokysdk-linux/usr/bin/i586-poky-linux-uclibc --sbindir=/opt/clanton-tiny/1.4.2/sysroots/i686-pokysdk-linux/usr/bin/i586-poky-linux-uclibc --libexecdir=/opt/clanton-tiny/1.4.2/sysroots/i686-pokysdk-linux/usr/libexec/i586-poky-linux-uclibc --datadir=/opt/clanton-tiny/1.4.2/sysroots/i686-pokysdk-linux/usr/share --sysconfdir=/opt/clanton-tiny/1.4.2/sysroots/i686-pokysdk-linux/etc --sharedstatedir=/opt/clanton-tiny/1.4.2/sysroots/i686-pokysdk-linux/com --localstatedir=/opt/clanton-tiny/1.4.2/sysroots/i686-pokysdk-linux/var --libdir=/opt/clanton-tiny/1.4.2/sysroots/i686-pokysdk-linux/usr/lib/i586-poky-linux-uclibc --includedir=/opt/clanton-tiny/1.4.2/sysroots/i686-pokysdk-linux/usr/include --oldincludedir=/opt/clanton-tiny/1.4.2/sysroots/i686-pokysdk-linux/usr/include --infodir=/opt/clanton-tiny/1.4.2/sysroots/i686-pokysdk-linux/usr/share/info --mandir=/opt/clanton-tiny/1.4.2/sysroots/i686-pokysdk-linux/usr/share/man --disable-silent-rules --disable-dependency-tracking --with-libtool-sysroot=/home/intellab/Galileo/Build/BSP_v0.7.5/meta-clanton_v0.7.5/yocto_build/tmp/sysroots/i686-nativesdk-pokysdk-linux --enable-clocale=generic --with-gnu-ld --enable-shared --enable-languages=c,c++ --enable-threads=posix --enable-multilib --enable-c99 --enable-long-long --enable-symvers=gnu --enable-libstdcxx-pch --program-prefix=i586-poky-linux-uclibc- --without-local-prefix --enable-target-optspace --enable-lto --enable-libssp --disable-bootstrap --disable-libmudflap --with-system-zlib --with-linker-hash-style=gnu --enable-linker-build-id --with-ppl=no --with-cloog=no --enable-checking=release --enable-cheaders=c_global --with-gxx-include-dir=/opt/clanton-tiny/1.4.2/sysroots/i586-poky-linux-uclibc/usr/include/c++ --with-build-time-tools=/home/intellab/Galileo/Build/BSP_v0.7.5/meta-clanton_v0.7.5/yocto_build/tmp/sysroots/i686-linux/usr/i586-poky-linux-uclibc/bin --with-sysroot=/opt/clanton-tiny/1.4.2/sysroots/i586-poky-linux-uclibc --with-build-sysroot=/home/intellab/Galileo/Build/BSP_v0.7.5/meta-clanton_v0.7.5/yocto_build/tmp/sysroots/clanton --enable-targets=all --disable-libunwind-exceptions --disable-libssp --disable-libgomp --disable-libmudflap --with-mpfr=/home/intellab/Galileo/Build/BSP_v0.7.5/meta-clanton_v0.7.5/yocto_build/tmp/sysroots/i686-nativesdk-pokysdk-linux --with-mpc=/home/intellab/Galileo/Build/BSP_v0.7.5/meta-clanton_v0.7.5/yocto_build/tmp/sysroots/i686-nativesdk-pokysdk-linux --enable-nls --disable-decimal-float --enable-__cxa_atexit
Thread model: posix
gcc version 4.7.2 (GCC) 
configure:3323: $? = 0
configure:3312: i586-poky-linux-uclibc-gcc  -m32 -march=i586 --sysroot=/opt/clanton-tiny/1.4.2/sysroots/i586-poky-linux-uclibc -V >&5
i586-poky-linux-uclibc-gcc: error: unrecognized command line option '-V'
i586-poky-linux-uclibc-gcc: fatal error: no input files
compilation terminated.
configure:3323: $? = 1
configure:3312: i586-poky-linux-uclibc-gcc  -m32 -march=i586 --sysroot=/opt/clanton-tiny/1.4.2/sysroots/i586-poky-linux-uclibc -qversion >&5
i586-poky-linux-uclibc-gcc: error: unrecognized command line option '-qversion'
i586-poky-linux-uclibc-gcc: fatal error: no input files
compilation terminated.
configure:3323: $? = 1
configure:3343: checking whether the C compiler works
configure:3365: i586-poky-linux-uclibc-gcc  -m32 -march=i586 --sysroot=/opt/clanton-tiny/1.4.2/sysroots/i586-poky-linux-uclibc  -g -O0  --sysroot=/opt/clanton-tiny/1.4.2/sysroots/i586-poky-linux-uclibc  --sysroot=/opt/clanton-tiny/1.4.2/sysroots/i586-poky-linux-uclibc  --sysroot=/opt/clanton-tiny/1.4.2/sysroots/i586-poky-linux-uclibc conftest.c  >&5
configure:3369: $? = 0
configure:3417: result: yes
configure:3420: checking for C compiler default output file name
configure:3422: result: a.out
configure:3428: checking for suffix of executables
configure:3435: i586-poky-linux-uclibc-gcc  -m32 -march=i586 --sysroot=/opt/clanton-tiny/1.4.2/sysroots/i586-poky-linux-uclibc -o conftest  -g -O0  --sysroot=/opt/clanton-tiny/1.4.2/sysroots/i586-poky-linux-uclibc  --sysroot=/opt/clanton-tiny/1.4.2/sysroots/i586-poky-linux-uclibc  --sysroot=/opt/clanton-tiny/1.4.2/sysroots/i586-poky-linux-uclibc conftest.c  >&5
configure:3439: $? = 0
configure:3461: result: 
configure:3483: checking whether we are cross compiling
configure:3521: result: yes
configure:3526: checking for suffix of object files
configure:3548: i586-poky-linux-uclibc-gcc  -m32 -march=i586 --sysroot=/opt/clanton-tiny/1.4.2/sysroots/i586-poky-linux-uclibc -c  -g -O0  --sysroot=/opt/clanton-tiny/1.4.2/sysroots/i586-poky-linux-uclibc  --sysroot=/opt/clanton-tiny/1.4.2/sysroots/i586-poky-linux-uclibc conftest.c >&5
configure:3552: $? = 0
configure:3573: result: o
configure:3577: checking whether we are using the GNU C compiler
configure:3596: i586-poky-linux-uclibc-gcc  -m32 -march=i586 --sysroot=/opt/clanton-tiny/1.4.2/sysroots/i586-poky-linux-uclibc -c  -g -O0  --sysroot=/opt/clanton-tiny/1.4.2/sysroots/i586-poky-linux-uclibc  --sysroot=/opt/clanton-tiny/1.4.2/sysroots/i586-poky-linux-uclibc conftest.c >&5
configure:3596: $? = 0
configure:3605: result: yes
configure:3614: checking whether i586-poky-linux-uclibc-gcc  -m32 -march=i586 --sysroot=/opt/clanton-tiny/1.4.2/sysroots/i586-poky-linux-uclibc accepts -g
configure:3634: i586-poky-linux-uclibc-gcc  -m32 -march=i586 --sysroot=/opt/clanton-tiny/1.4.2/sysroots/i586-poky-linux-uclibc -c -g  --sysroot=/opt/clanton-tiny/1.4.2/sysroots/i586-poky-linux-uclibc conftest.c >&5
configure:3634: $? = 0
configure:3675: result: yes
configure:3692: checking for i586-poky-linux-uclibc-gcc  -m32 -march=i586 --sysroot=/opt/clanton-tiny/1.4.2/sysroots/i586-poky-linux-uclibc option to accept ISO C89
configure:3755: i586-poky-linux-uclibc-gcc  -m32 -march=i586 --sysroot=/opt/clanton-tiny/1.4.2/sysroots/i586-poky-linux-uclibc  -c  -g -O0  --sysroot=/opt/clanton-tiny/1.4.2/sysroots/i586-poky-linux-uclibc  --sysroot=/opt/clanton-tiny/1.4.2/sysroots/i586-poky-linux-uclibc conftest.c >&5
configure:3755: $? = 0
configure:3768: result: none needed
configure:3790: checking dependency style of i586-poky-linux-uclibc-gcc  -m32 -march=i586 --sysroot=/opt/clanton-tiny/1.4.2/sysroots/i586-poky-linux-uclibc
configure:3901: result: gcc3
configure:3916: checking for a sed that does not truncate output
configure:3980: result: /bin/sed
configure:3998: checking for grep that handles long lines and -e
configure:4056: result: /bin/grep
configure:4061: checking for egrep
configure:4123: result: /bin/grep -E
configure:4128: checking for fgrep
configure:4190: result: /bin/grep -F
configure:4225: checking for ld used by i586-poky-linux-uclibc-gcc  -m32 -march=i586 --sysroot=/opt/clanton-tiny/1.4.2/sysroots/i586-poky-linux-uclibc
configure:4292: result: i586-poky-linux-uclibc-ld   --sysroot=/opt/clanton-tiny/1.4.2/sysroots/i586-poky-linux-uclibc
configure:4299: checking if the linker (i586-poky-linux-uclibc-ld   --sysroot=/opt/clanton-tiny/1.4.2/sysroots/i586-poky-linux-uclibc) is GNU ld
configure:4314: result: yes
configure:4326: checking for BSD- or MS-compatible name lister (nm)
configure:4375: result: i586-poky-linux-uclibc-nm
configure:4505: checking the name lister (i586-poky-linux-uclibc-nm) interface
configure:4512: i586-poky-linux-uclibc-gcc  -m32 -march=i586 --sysroot=/opt/clanton-tiny/1.4.2/sysroots/i586-poky-linux-uclibc -c  -g -O0  --sysroot=/opt/clanton-tiny/1.4.2/sysroots/i586-poky-linux-uclibc  --sysroot=/opt/clanton-tiny/1.4.2/sysroots/i586-poky-linux-uclibc conftest.c >&5
configure:4515: i586-poky-linux-uclibc-nm "conftest.o"
configure:4518: output
00000000 B some_variable
configure:4525: result: BSD nm
configure:4528: checking whether ln -s works
configure:4532: result: yes
configure:4540: checking the maximum length of command line arguments
configure:4670: result: 1572864
configure:4687: checking whether the shell understands some XSI constructs
configure:4697: result: yes
configure:4701: checking whether the shell understands "+="
configure:4707: result: yes
configure:4742: checking how to convert i686-pc-linux-gnu file names to i586-poky-linux-uclibc format
configure:4782: result: func_convert_file_noop
configure:4789: checking how to convert i686-pc-linux-gnu file names to toolchain format
configure:4809: result: func_convert_file_noop
configure:4816: checking for i586-poky-linux-uclibc-ld   --sysroot=/opt/clanton-tiny/1.4.2/sysroots/i586-poky-linux-uclibc option to reload object files
configure:4823: result: -r
configure:4857: checking for i586-poky-linux-uclibc-objdump
configure:4884: result: i586-poky-linux-uclibc-objdump
configure:4956: checking how to recognize dependent libraries
configure:5158: result: pass_all
configure:5203: checking for i586-poky-linux-uclibc-dlltool
configure:5233: result: no
configure:5243: checking for dlltool
configure:5273: result: no
configure:5303: checking how to associate runtime and link libraries
configure:5330: result: printf %s\n
configure:5347: checking for i586-poky-linux-uclibc-ar
configure:5374: result: i586-poky-linux-uclibc-ar
configure:5455: checking for archiver @FILE support
configure:5472: i586-poky-linux-uclibc-gcc  -m32 -march=i586 --sysroot=/opt/clanton-tiny/1.4.2/sysroots/i586-poky-linux-uclibc -c  -g -O0  --sysroot=/opt/clanton-tiny/1.4.2/sysroots/i586-poky-linux-uclibc  --sysroot=/opt/clanton-tiny/1.4.2/sysroots/i586-poky-linux-uclibc conftest.c >&5
configure:5472: $? = 0
configure:5475: i586-poky-linux-uclibc-ar cru libconftest.a @conftest.lst >&5
configure:5478: $? = 0
configure:5483: i586-poky-linux-uclibc-ar cru libconftest.a @conftest.lst >&5
i586-poky-linux-uclibc-ar: conftest.o: No such file or directory
configure:5486: $? = 1
configure:5498: result: @
configure:5516: checking for i586-poky-linux-uclibc-strip
configure:5543: result: i586-poky-linux-uclibc-strip
configure:5615: checking for i586-poky-linux-uclibc-ranlib
configure:5642: result: i586-poky-linux-uclibc-ranlib
configure:5784: checking command to parse i586-poky-linux-uclibc-nm output from i586-poky-linux-uclibc-gcc  -m32 -march=i586 --sysroot=/opt/clanton-tiny/1.4.2/sysroots/i586-poky-linux-uclibc object
configure:5904: i586-poky-linux-uclibc-gcc  -m32 -march=i586 --sysroot=/opt/clanton-tiny/1.4.2/sysroots/i586-poky-linux-uclibc -c  -g -O0  --sysroot=/opt/clanton-tiny/1.4.2/sysroots/i586-poky-linux-uclibc  --sysroot=/opt/clanton-tiny/1.4.2/sysroots/i586-poky-linux-uclibc conftest.c >&5
configure:5907: $? = 0
configure:5911: i586-poky-linux-uclibc-nm conftest.o \| sed -n -e 's/^.*[ ]\([ABCDGIRSTW][ABCDGIRSTW]*\)[ ][ ]*\([_A-Za-z][_A-Za-z0-9]*\)$/\1 \2 \2/p' | sed '/ __gnu_lto/d' \> conftest.nm
configure:5914: $? = 0
configure:5980: i586-poky-linux-uclibc-gcc  -m32 -march=i586 --sysroot=/opt/clanton-tiny/1.4.2/sysroots/i586-poky-linux-uclibc -o conftest  -g -O0  --sysroot=/opt/clanton-tiny/1.4.2/sysroots/i586-poky-linux-uclibc  --sysroot=/opt/clanton-tiny/1.4.2/sysroots/i586-poky-linux-uclibc  --sysroot=/opt/clanton-tiny/1.4.2/sysroots/i586-poky-linux-uclibc conftest.c conftstm.o >&5
configure:5983: $? = 0
configure:6021: result: ok
configure:6058: checking for sysroot
configure:6088: result: /opt/clanton-tiny/1.4.2/sysroots/i586-poky-linux-uclibc
configure:6304: checking for i586-poky-linux-uclibc-mt
configure:6334: result: no
configure:6344: checking for mt
configure:6360: found /bin/mt
configure:6371: result: mt
configure:6383: WARNING: using cross tools not prefixed with host triplet
configure:6394: checking if mt is a manifest tool
configure:6400: mt '-?'
configure:6408: result: no
configure:7050: checking how to run the C preprocessor
configure:7120: result: i586-poky-linux-uclibc-gcc -E  -m32 -march=i586 --sysroot=/opt/clanton-tiny/1.4.2/sysroots/i586-poky-linux-uclibc
configure:7140: i586-poky-linux-uclibc-gcc -E  -m32 -march=i586 --sysroot=/opt/clanton-tiny/1.4.2/sysroots/i586-poky-linux-uclibc  --sysroot=/opt/clanton-tiny/1.4.2/sysroots/i586-poky-linux-uclibc conftest.c
configure:7140: $? = 0
configure:7154: i586-poky-linux-uclibc-gcc -E  -m32 -march=i586 --sysroot=/opt/clanton-tiny/1.4.2/sysroots/i586-poky-linux-uclibc  --sysroot=/opt/clanton-tiny/1.4.2/sysroots/i586-poky-linux-uclibc conftest.c
conftest.c:11:28: fatal error: ac_nonexistent.h: No such file or directory
compilation terminated.
configure:7154: $? = 1
configure: failed program was:
| /* confdefs.h */
| #define PACKAGE_NAME "DrawCircle"
| #define PACKAGE_TARNAME "drawcircle"
| #define PACKAGE_VERSION "0.1.0"
| #define PACKAGE_STRING "DrawCircle 0.1.0"
| #define PACKAGE_BUGREPORT ""
| #define PACKAGE_URL ""
| #define PACKAGE "DrawCircle"
| #define VERSION "0.1.0"
| /* end confdefs.h.  */
| #include <ac_nonexistent.h>
configure:7183: checking for ANSI C header files
configure:7287: result: yes
configure:7300: checking for sys/types.h
configure:7300: result: yes
configure:7300: checking for sys/stat.h
configure:7300: result: yes
configure:7300: checking for stdlib.h
configure:7300: result: yes
configure:7300: checking for string.h
configure:7300: result: yes
configure:7300: checking for memory.h
configure:7300: result: yes
configure:7300: checking for strings.h
configure:7300: result: yes
configure:7300: checking for inttypes.h
configure:7300: result: yes
configure:7300: checking for stdint.h
configure:7300: result: yes
configure:7300: checking for unistd.h
configure:7300: result: yes
configure:7314: checking for dlfcn.h
configure:7314: i586-poky-linux-uclibc-gcc  -m32 -march=i586 --sysroot=/opt/clanton-tiny/1.4.2/sysroots/i586-poky-linux-uclibc -c  -g -O0  --sysroot=/opt/clanton-tiny/1.4.2/sysroots/i586-poky-linux-uclibc  --sysroot=/opt/clanton-tiny/1.4.2/sysroots/i586-poky-linux-uclibc conftest.c >&5
configure:7314: $? = 0
configure:7314: result: yes
configure:7521: checking for objdir
configure:7536: result: .libs
configure:7803: checking if i586-poky-linux-uclibc-gcc  -m32 -march=i586 --sysroot=/opt/clanton-tiny/1.4.2/sysroots/i586-poky-linux-uclibc supports -fno-rtti -fno-exceptions
configure:7821: i586-poky-linux-uclibc-gcc  -m32 -march=i586 --sysroot=/opt/clanton-tiny/1.4.2/sysroots/i586-poky-linux-uclibc -c  -g -O0  --sysroot=/opt/clanton-tiny/1.4.2/sysroots/i586-poky-linux-uclibc  --sysroot=/opt/clanton-tiny/1.4.2/sysroots/i586-poky-linux-uclibc -fno-rtti -fno-exceptions conftest.c >&5
cc1: warning: command line option '-fno-rtti' is valid for C++/ObjC++ but not for C [enabled by default]
configure:7825: $? = 0
configure:7838: result: no
configure:8165: checking for i586-poky-linux-uclibc-gcc  -m32 -march=i586 --sysroot=/opt/clanton-tiny/1.4.2/sysroots/i586-poky-linux-uclibc option to produce PIC
configure:8172: result: -fPIC -DPIC
configure:8180: checking if i586-poky-linux-uclibc-gcc  -m32 -march=i586 --sysroot=/opt/clanton-tiny/1.4.2/sysroots/i586-poky-linux-uclibc PIC flag -fPIC -DPIC works
configure:8198: i586-poky-linux-uclibc-gcc  -m32 -march=i586 --sysroot=/opt/clanton-tiny/1.4.2/sysroots/i586-poky-linux-uclibc -c  -g -O0  --sysroot=/opt/clanton-tiny/1.4.2/sysroots/i586-poky-linux-uclibc  --sysroot=/opt/clanton-tiny/1.4.2/sysroots/i586-poky-linux-uclibc -fPIC -DPIC -DPIC conftest.c >&5
configure:8202: $? = 0
configure:8215: result: yes
configure:8244: checking if i586-poky-linux-uclibc-gcc  -m32 -march=i586 --sysroot=/opt/clanton-tiny/1.4.2/sysroots/i586-poky-linux-uclibc static flag -static works
configure:8272: result: no
configure:8287: checking if i586-poky-linux-uclibc-gcc  -m32 -march=i586 --sysroot=/opt/clanton-tiny/1.4.2/sysroots/i586-poky-linux-uclibc supports -c -o file.o
configure:8308: i586-poky-linux-uclibc-gcc  -m32 -march=i586 --sysroot=/opt/clanton-tiny/1.4.2/sysroots/i586-poky-linux-uclibc -c  -g -O0  --sysroot=/opt/clanton-tiny/1.4.2/sysroots/i586-poky-linux-uclibc  --sysroot=/opt/clanton-tiny/1.4.2/sysroots/i586-poky-linux-uclibc -o out/conftest2.o conftest.c >&5
configure:8312: $? = 0
configure:8334: result: yes
configure:8342: checking if i586-poky-linux-uclibc-gcc  -m32 -march=i586 --sysroot=/opt/clanton-tiny/1.4.2/sysroots/i586-poky-linux-uclibc supports -c -o file.o
configure:8389: result: yes
configure:8422: checking whether the i586-poky-linux-uclibc-gcc  -m32 -march=i586 --sysroot=/opt/clanton-tiny/1.4.2/sysroots/i586-poky-linux-uclibc linker (i586-poky-linux-uclibc-ld   --sysroot=/opt/clanton-tiny/1.4.2/sysroots/i586-poky-linux-uclibc) supports shared libraries
configure:9575: result: yes
configure:9612: checking whether -lc should be explicitly linked in
configure:9620: i586-poky-linux-uclibc-gcc  -m32 -march=i586 --sysroot=/opt/clanton-tiny/1.4.2/sysroots/i586-poky-linux-uclibc -c  -g -O0  --sysroot=/opt/clanton-tiny/1.4.2/sysroots/i586-poky-linux-uclibc  --sysroot=/opt/clanton-tiny/1.4.2/sysroots/i586-poky-linux-uclibc conftest.c >&5
configure:9623: $? = 0
configure:9638: i586-poky-linux-uclibc-gcc  -m32 -march=i586 --sysroot=/opt/clanton-tiny/1.4.2/sysroots/i586-poky-linux-uclibc -shared  -fPIC -DPIC conftest.o  -v -Wl,-soname -Wl,conftest -o conftest 2\>\&1 \| /bin/grep  -lc  \>/dev/null 2\>\&1
configure:9641: $? = 0
configure:9655: result: no
configure:9815: checking dynamic linker characteristics
configure:10326: i586-poky-linux-uclibc-gcc  -m32 -march=i586 --sysroot=/opt/clanton-tiny/1.4.2/sysroots/i586-poky-linux-uclibc -o conftest  -g -O0  --sysroot=/opt/clanton-tiny/1.4.2/sysroots/i586-poky-linux-uclibc  --sysroot=/opt/clanton-tiny/1.4.2/sysroots/i586-poky-linux-uclibc  --sysroot=/opt/clanton-tiny/1.4.2/sysroots/i586-poky-linux-uclibc -Wl,-rpath -Wl,/foo conftest.c  >&5
configure:10326: $? = 0
configure:10548: result: GNU/Linux ld.so
configure:10655: checking how to hardcode library paths into programs
configure:10680: result: immediate
configure:11220: checking whether stripping libraries is possible
configure:11225: result: yes
configure:11260: checking if libtool supports shared libraries
configure:11262: result: yes
configure:11265: checking whether to build shared libraries
configure:11286: result: yes
configure:11289: checking whether to build static libraries
configure:11293: result: yes
configure:11442: checking for C++ compiler version
configure:11451: i586-poky-linux-uclibc-g++  -m32 -march=i586 --sysroot=/opt/clanton-tiny/1.4.2/sysroots/i586-poky-linux-uclibc --version >&5
i586-poky-linux-uclibc-g++ (GCC) 4.7.2
Copyright (C) 2012 Free Software Foundation, Inc.
This is free software; see the source for copying conditions.  There is NO
warranty; not even for MERCHANTABILITY or FITNESS FOR A PARTICULAR PURPOSE.

configure:11462: $? = 0
configure:11451: i586-poky-linux-uclibc-g++  -m32 -march=i586 --sysroot=/opt/clanton-tiny/1.4.2/sysroots/i586-poky-linux-uclibc -v >&5
Using built-in specs.
COLLECT_GCC=i586-poky-linux-uclibc-g++
COLLECT_LTO_WRAPPER=/opt/clanton-tiny/1.4.2/sysroots/i686-pokysdk-linux/usr/libexec/i586-poky-linux-uclibc/gcc/i586-poky-linux-uclibc/4.7.2/lto-wrapper
Target: i586-poky-linux-uclibc
Configured with: /home/intellab/Galileo/Build/BSP_v0.7.5/meta-clanton_v0.7.5/yocto_build/tmp/work-shared/gcc-4.7.2-r20/gcc-4.7.2/configure --build=i686-linux --host=i686-pokysdk-linux --target=i586-poky-linux-uclibc --prefix=/opt/clanton-tiny/1.4.2/sysroots/i686-pokysdk-linux/usr --exec_prefix=/opt/clanton-tiny/1.4.2/sysroots/i686-pokysdk-linux/usr --bindir=/opt/clanton-tiny/1.4.2/sysroots/i686-pokysdk-linux/usr/bin/i586-poky-linux-uclibc --sbindir=/opt/clanton-tiny/1.4.2/sysroots/i686-pokysdk-linux/usr/bin/i586-poky-linux-uclibc --libexecdir=/opt/clanton-tiny/1.4.2/sysroots/i686-pokysdk-linux/usr/libexec/i586-poky-linux-uclibc --datadir=/opt/clanton-tiny/1.4.2/sysroots/i686-pokysdk-linux/usr/share --sysconfdir=/opt/clanton-tiny/1.4.2/sysroots/i686-pokysdk-linux/etc --sharedstatedir=/opt/clanton-tiny/1.4.2/sysroots/i686-pokysdk-linux/com --localstatedir=/opt/clanton-tiny/1.4.2/sysroots/i686-pokysdk-linux/var --libdir=/opt/clanton-tiny/1.4.2/sysroots/i686-pokysdk-linux/usr/lib/i586-poky-linux-uclibc --includedir=/opt/clanton-tiny/1.4.2/sysroots/i686-pokysdk-linux/usr/include --oldincludedir=/opt/clanton-tiny/1.4.2/sysroots/i686-pokysdk-linux/usr/include --infodir=/opt/clanton-tiny/1.4.2/sysroots/i686-pokysdk-linux/usr/share/info --mandir=/opt/clanton-tiny/1.4.2/sysroots/i686-pokysdk-linux/usr/share/man --disable-silent-rules --disable-dependency-tracking --with-libtool-sysroot=/home/intellab/Galileo/Build/BSP_v0.7.5/meta-clanton_v0.7.5/yocto_build/tmp/sysroots/i686-nativesdk-pokysdk-linux --enable-clocale=generic --with-gnu-ld --enable-shared --enable-languages=c,c++ --enable-threads=posix --enable-multilib --enable-c99 --enable-long-long --enable-symvers=gnu --enable-libstdcxx-pch --program-prefix=i586-poky-linux-uclibc- --without-local-prefix --enable-target-optspace --enable-lto --enable-libssp --disable-bootstrap --disable-libmudflap --with-system-zlib --with-linker-hash-style=gnu --enable-linker-build-id --with-ppl=no --with-cloog=no --enable-checking=release --enable-cheaders=c_global --with-gxx-include-dir=/opt/clanton-tiny/1.4.2/sysroots/i586-poky-linux-uclibc/usr/include/c++ --with-build-time-tools=/home/intellab/Galileo/Build/BSP_v0.7.5/meta-clanton_v0.7.5/yocto_build/tmp/sysroots/i686-linux/usr/i586-poky-linux-uclibc/bin --with-sysroot=/opt/clanton-tiny/1.4.2/sysroots/i586-poky-linux-uclibc --with-build-sysroot=/home/intellab/Galileo/Build/BSP_v0.7.5/meta-clanton_v0.7.5/yocto_build/tmp/sysroots/clanton --enable-targets=all --disable-libunwind-exceptions --disable-libssp --disable-libgomp --disable-libmudflap --with-mpfr=/home/intellab/Galileo/Build/BSP_v0.7.5/meta-clanton_v0.7.5/yocto_build/tmp/sysroots/i686-nativesdk-pokysdk-linux --with-mpc=/home/intellab/Galileo/Build/BSP_v0.7.5/meta-clanton_v0.7.5/yocto_build/tmp/sysroots/i686-nativesdk-pokysdk-linux --enable-nls --disable-decimal-float --enable-__cxa_atexit
Thread model: posix
gcc version 4.7.2 (GCC) 
configure:11462: $? = 0
configure:11451: i586-poky-linux-uclibc-g++  -m32 -march=i586 --sysroot=/opt/clanton-tiny/1.4.2/sysroots/i586-poky-linux-uclibc -V >&5
i586-poky-linux-uclibc-g++: error: unrecognized command line option '-V'
i586-poky-linux-uclibc-g++: fatal error: no input files
compilation terminated.
configure:11462: $? = 1
configure:11451: i586-poky-linux-uclibc-g++  -m32 -march=i586 --sysroot=/opt/clanton-tiny/1.4.2/sysroots/i586-poky-linux-uclibc -qversion >&5
i586-poky-linux-uclibc-g++: error: unrecognized command line option '-qversion'
i586-poky-linux-uclibc-g++: fatal error: no input files
compilation terminated.
configure:11462: $? = 1
configure:11466: checking whether we are using the GNU C++ compiler
configure:11485: i586-poky-linux-uclibc-g++  -m32 -march=i586 --sysroot=/opt/clanton-tiny/1.4.2/sysroots/i586-poky-linux-uclibc -c  -g -O0  --sysroot=/opt/clanton-tiny/1.4.2/sysroots/i586-poky-linux-uclibc  --sysroot=/opt/clanton-tiny/1.4.2/sysroots/i586-poky-linux-uclibc conftest.cpp >&5
configure:11485: $? = 0
configure:11494: result: yes
configure:11503: checking whether i586-poky-linux-uclibc-g++  -m32 -march=i586 --sysroot=/opt/clanton-tiny/1.4.2/sysroots/i586-poky-linux-uclibc accepts -g
configure:11523: i586-poky-linux-uclibc-g++  -m32 -march=i586 --sysroot=/opt/clanton-tiny/1.4.2/sysroots/i586-poky-linux-uclibc -c -g  --sysroot=/opt/clanton-tiny/1.4.2/sysroots/i586-poky-linux-uclibc conftest.cpp >&5
configure:11523: $? = 0
configure:11564: result: yes
configure:11589: checking dependency style of i586-poky-linux-uclibc-g++  -m32 -march=i586 --sysroot=/opt/clanton-tiny/1.4.2/sysroots/i586-poky-linux-uclibc
configure:11700: result: gcc3
configure:11733: checking how to run the C++ preprocessor
configure:11760: i586-poky-linux-uclibc-g++  -m32 -march=i586 --sysroot=/opt/clanton-tiny/1.4.2/sysroots/i586-poky-linux-uclibc -E  --sysroot=/opt/clanton-tiny/1.4.2/sysroots/i586-poky-linux-uclibc conftest.cpp
configure:11760: $? = 0
configure:11774: i586-poky-linux-uclibc-g++  -m32 -march=i586 --sysroot=/opt/clanton-tiny/1.4.2/sysroots/i586-poky-linux-uclibc -E  --sysroot=/opt/clanton-tiny/1.4.2/sysroots/i586-poky-linux-uclibc conftest.cpp
conftest.cpp:23:28: fatal error: ac_nonexistent.h: No such file or directory
compilation terminated.
configure:11774: $? = 1
configure: failed program was:
| /* confdefs.h */
| #define PACKAGE_NAME "DrawCircle"
| #define PACKAGE_TARNAME "drawcircle"
| #define PACKAGE_VERSION "0.1.0"
| #define PACKAGE_STRING "DrawCircle 0.1.0"
| #define PACKAGE_BUGREPORT ""
| #define PACKAGE_URL ""
| #define PACKAGE "DrawCircle"
| #define VERSION "0.1.0"
| #define STDC_HEADERS 1
| #define HAVE_SYS_TYPES_H 1
| #define HAVE_SYS_STAT_H 1
| #define HAVE_STDLIB_H 1
| #define HAVE_STRING_H 1
| #define HAVE_MEMORY_H 1
| #define HAVE_STRINGS_H 1
| #define HAVE_INTTYPES_H 1
| #define HAVE_STDINT_H 1
| #define HAVE_UNISTD_H 1
| #define HAVE_DLFCN_H 1
| #define LT_OBJDIR ".libs/"
| /* end confdefs.h.  */
| #include <ac_nonexistent.h>
configure:11799: result: i586-poky-linux-uclibc-g++  -m32 -march=i586 --sysroot=/opt/clanton-tiny/1.4.2/sysroots/i586-poky-linux-uclibc -E
configure:11819: i586-poky-linux-uclibc-g++  -m32 -march=i586 --sysroot=/opt/clanton-tiny/1.4.2/sysroots/i586-poky-linux-uclibc -E  --sysroot=/opt/clanton-tiny/1.4.2/sysroots/i586-poky-linux-uclibc conftest.cpp
configure:11819: $? = 0
configure:11833: i586-poky-linux-uclibc-g++  -m32 -march=i586 --sysroot=/opt/clanton-tiny/1.4.2/sysroots/i586-poky-linux-uclibc -E  --sysroot=/opt/clanton-tiny/1.4.2/sysroots/i586-poky-linux-uclibc conftest.cpp
conftest.cpp:23:28: fatal error: ac_nonexistent.h: No such file or directory
compilation terminated.
configure:11833: $? = 1
configure: failed program was:
| /* confdefs.h */
| #define PACKAGE_NAME "DrawCircle"
| #define PACKAGE_TARNAME "drawcircle"
| #define PACKAGE_VERSION "0.1.0"
| #define PACKAGE_STRING "DrawCircle 0.1.0"
| #define PACKAGE_BUGREPORT ""
| #define PACKAGE_URL ""
| #define PACKAGE "DrawCircle"
| #define VERSION "0.1.0"
| #define STDC_HEADERS 1
| #define HAVE_SYS_TYPES_H 1
| #define HAVE_SYS_STAT_H 1
| #define HAVE_STDLIB_H 1
| #define HAVE_STRING_H 1
| #define HAVE_MEMORY_H 1
| #define HAVE_STRINGS_H 1
| #define HAVE_INTTYPES_H 1
| #define HAVE_STDINT_H 1
| #define HAVE_UNISTD_H 1
| #define HAVE_DLFCN_H 1
| #define LT_OBJDIR ".libs/"
| /* end confdefs.h.  */
| #include <ac_nonexistent.h>
configure:12002: checking for ld used by i586-poky-linux-uclibc-g++  -m32 -march=i586 --sysroot=/opt/clanton-tiny/1.4.2/sysroots/i586-poky-linux-uclibc
configure:12069: result: i586-poky-linux-uclibc-ld   --sysroot=/opt/clanton-tiny/1.4.2/sysroots/i586-poky-linux-uclibc
configure:12076: checking if the linker (i586-poky-linux-uclibc-ld   --sysroot=/opt/clanton-tiny/1.4.2/sysroots/i586-poky-linux-uclibc) is GNU ld
configure:12091: result: yes
configure:12146: checking whether the i586-poky-linux-uclibc-g++  -m32 -march=i586 --sysroot=/opt/clanton-tiny/1.4.2/sysroots/i586-poky-linux-uclibc linker (i586-poky-linux-uclibc-ld   --sysroot=/opt/clanton-tiny/1.4.2/sysroots/i586-poky-linux-uclibc) supports shared libraries
configure:13151: result: yes
configure:13187: i586-poky-linux-uclibc-g++  -m32 -march=i586 --sysroot=/opt/clanton-tiny/1.4.2/sysroots/i586-poky-linux-uclibc -c  -g -O0  --sysroot=/opt/clanton-tiny/1.4.2/sysroots/i586-poky-linux-uclibc  --sysroot=/opt/clanton-tiny/1.4.2/sysroots/i586-poky-linux-uclibc conftest.cpp >&5
configure:13190: $? = 0
configure:13710: checking for i586-poky-linux-uclibc-g++  -m32 -march=i586 --sysroot=/opt/clanton-tiny/1.4.2/sysroots/i586-poky-linux-uclibc option to produce PIC
configure:13717: result: -fPIC -DPIC
configure:13725: checking if i586-poky-linux-uclibc-g++  -m32 -march=i586 --sysroot=/opt/clanton-tiny/1.4.2/sysroots/i586-poky-linux-uclibc PIC flag -fPIC -DPIC works
configure:13743: i586-poky-linux-uclibc-g++  -m32 -march=i586 --sysroot=/opt/clanton-tiny/1.4.2/sysroots/i586-poky-linux-uclibc -c  -g -O0  --sysroot=/opt/clanton-tiny/1.4.2/sysroots/i586-poky-linux-uclibc  --sysroot=/opt/clanton-tiny/1.4.2/sysroots/i586-poky-linux-uclibc -fPIC -DPIC -DPIC conftest.cpp >&5
configure:13747: $? = 0
configure:13760: result: yes
configure:13783: checking if i586-poky-linux-uclibc-g++  -m32 -march=i586 --sysroot=/opt/clanton-tiny/1.4.2/sysroots/i586-poky-linux-uclibc static flag -static works
configure:13811: result: no
configure:13823: checking if i586-poky-linux-uclibc-g++  -m32 -march=i586 --sysroot=/opt/clanton-tiny/1.4.2/sysroots/i586-poky-linux-uclibc supports -c -o file.o
configure:13844: i586-poky-linux-uclibc-g++  -m32 -march=i586 --sysroot=/opt/clanton-tiny/1.4.2/sysroots/i586-poky-linux-uclibc -c  -g -O0  --sysroot=/opt/clanton-tiny/1.4.2/sysroots/i586-poky-linux-uclibc  --sysroot=/opt/clanton-tiny/1.4.2/sysroots/i586-poky-linux-uclibc -o out/conftest2.o conftest.cpp >&5
configure:13848: $? = 0
configure:13870: result: yes
configure:13875: checking if i586-poky-linux-uclibc-g++  -m32 -march=i586 --sysroot=/opt/clanton-tiny/1.4.2/sysroots/i586-poky-linux-uclibc supports -c -o file.o
configure:13922: result: yes
configure:13952: checking whether the i586-poky-linux-uclibc-g++  -m32 -march=i586 --sysroot=/opt/clanton-tiny/1.4.2/sysroots/i586-poky-linux-uclibc linker (i586-poky-linux-uclibc-ld   --sysroot=/opt/clanton-tiny/1.4.2/sysroots/i586-poky-linux-uclibc) supports shared libraries
configure:13988: result: yes
configure:14129: checking dynamic linker characteristics
configure:14796: result: GNU/Linux ld.so
configure:14849: checking how to hardcode library paths into programs
configure:14874: result: immediate
configure:14927: checking for i586-poky-linux-uclibc-pkg-config
configure:14960: result: no
configure:14970: checking for pkg-config
configure:14988: found /opt/clanton-tiny/1.4.2/sysroots/i686-pokysdk-linux/usr/bin/pkg-config
configure:15000: result: /opt/clanton-tiny/1.4.2/sysroots/i686-pokysdk-linux/usr/bin/pkg-config
configure:15025: checking pkg-config is at least version 0.9.0
configure:15028: result: yes
configure:15158: checking that generated files are newer than configure
configure:15164: result: done
configure:15191: creating ./config.status

## ---------------------- ##
## Running config.status. ##
## ---------------------- ##

This file was extended by DrawCircle config.status 0.1.0, which was
generated by GNU Autoconf 2.69.  Invocation command line was

  CONFIG_FILES    = 
  CONFIG_HEADERS  = 
  CONFIG_LINKS    = 
  CONFIG_COMMANDS = 
  $ ./config.status 

on intellab

config.status:1145: creating Makefile
config.status:1145: creating src/Makefile
config.status:1145: creating config.h
config.status:1374: executing depfiles commands
config.status:1374: executing libtool commands

## ---------------- ##
## Cache variables. ##
## ---------------- ##

ac_cv___va_copy=yes
ac_cv_alignof_CORBA_boolean=1
ac_cv_alignof_CORBA_char=1
ac_cv_alignof_CORBA_double=4
ac_cv_alignof_CORBA_float=4
ac_cv_alignof_CORBA_long=4
ac_cv_alignof_CORBA_long_double=4
ac_cv_alignof_CORBA_long_long=4
ac_cv_alignof_CORBA_octet=1
ac_cv_alignof_CORBA_pointer=4
ac_cv_alignof_CORBA_short=2
ac_cv_alignof_CORBA_struct=4
ac_cv_alignof_CORBA_wchar=2
ac_cv_alignof_char=1
ac_cv_alignof_dbind_pointer=4
ac_cv_alignof_dbind_struct=1
ac_cv_alignof_dbus_bool_t=4
ac_cv_alignof_dbus_int16_t=2
ac_cv_alignof_dbus_int32_t=4
ac_cv_alignof_dbus_int64_t=4
ac_cv_alignof_double=4
ac_cv_alignof_guint32=4
ac_cv_alignof_guint64=4
ac_cv_alignof_unsigned_long=4
ac_cv_buggy_getaddrinfo=no
ac_cv_build=i686-pc-linux-gnu
ac_cv_c_bigendian=no
ac_cv_c_compiler_gnu=yes
ac_cv_c_endian=little
ac_cv_c_littleendian=yes
ac_cv_c_long_double=yes
ac_cv_conv_longlong_to_float=yes
ac_cv_cxx_compiler_gnu=yes
ac_cv_dirent_have_space_d_name=yes
ac_cv_env_CCC_set=
ac_cv_env_CCC_value=
ac_cv_env_CC_set=set
ac_cv_env_CC_value='i586-poky-linux-uclibc-gcc  -m32 -march=i586 --sysroot=/opt/clanton-tiny/1.4.2/sysroots/i586-poky-linux-uclibc'
ac_cv_env_CFLAGS_set=set
ac_cv_env_CFLAGS_value=' -g -O0  --sysroot=/opt/clanton-tiny/1.4.2/sysroots/i586-poky-linux-uclibc'
ac_cv_env_CPPFLAGS_set=set
ac_cv_env_CPPFLAGS_value=' --sysroot=/opt/clanton-tiny/1.4.2/sysroots/i586-poky-linux-uclibc'
ac_cv_env_CPP_set=set
ac_cv_env_CPP_value='i586-poky-linux-uclibc-gcc -E  -m32 -march=i586 --sysroot=/opt/clanton-tiny/1.4.2/sysroots/i586-poky-linux-uclibc'
ac_cv_env_CXXCPP_set=
ac_cv_env_CXXCPP_value=
ac_cv_env_CXXFLAGS_set=set
ac_cv_env_CXXFLAGS_value=' -g -O0  --sysroot=/opt/clanton-tiny/1.4.2/sysroots/i586-poky-linux-uclibc'
ac_cv_env_CXX_set=set
ac_cv_env_CXX_value='i586-poky-linux-uclibc-g++  -m32 -march=i586 --sysroot=/opt/clanton-tiny/1.4.2/sysroots/i586-poky-linux-uclibc'
ac_cv_env_LDFLAGS_set=set
ac_cv_env_LDFLAGS_value=' --sysroot=/opt/clanton-tiny/1.4.2/sysroots/i586-poky-linux-uclibc'
ac_cv_env_LIBS_set=
ac_cv_env_LIBS_value=
ac_cv_env_PKG_CONFIG_LIBDIR_set=
ac_cv_env_PKG_CONFIG_LIBDIR_value=
ac_cv_env_PKG_CONFIG_PATH_set=set
ac_cv_env_PKG_CONFIG_PATH_value=/opt/clanton-tiny/1.4.2/sysroots/i586-poky-linux-uclibc/usr/lib/pkgconfig
ac_cv_env_PKG_CONFIG_set=
ac_cv_env_PKG_CONFIG_value=
ac_cv_env_build_alias_set=set
ac_cv_env_build_alias_value=i686-linux
ac_cv_env_host_alias_set=set
ac_cv_env_host_alias_value=i586-poky-linux-uclibc
ac_cv_env_target_alias_set=set
ac_cv_env_target_alias_value=i586-poky-linux-uclibc
ac_cv_file__dev_random=yes
ac_cv_file__dev_zero=yes
ac_cv_file__usr_share_X11_sgml_defs_ent=no
ac_cv_file_lib_src_libmad_frame_h=no
ac_cv_func___va_copy=yes
ac_cv_func_fnmatch_works=yes
ac_cv_func_getaddrinfo=yes
ac_cv_func_getgrgid_r=yes
ac_cv_func_getpgrp_void=yes
ac_cv_func_getpwuid_r=yes
ac_cv_func_lstat_dereferences_slashed_symlink=yes
ac_cv_func_lstat_empty_string_bug=no
ac_cv_func_malloc_0_nonnull=yes
ac_cv_func_malloc_works=yes
ac_cv_func_mmap_fixed_mapped=yes
ac_cv_func_posix_getgrgid_r=yes
ac_cv_func_posix_getpwnam_r=yes
ac_cv_func_posix_getpwuid_r=yes
ac_cv_func_posix_spawn=yes
ac_cv_func_posix_spawn_works=yes
ac_cv_func_printf_unix98=yes
ac_cv_func_pthread_key_delete=yes
ac_cv_func_realloc_0_nonnull=yes
ac_cv_func_realloc_works=yes
ac_cv_func_setgrent_void=yes
ac_cv_func_setpgrp_void=yes
ac_cv_func_setvbuf_reversed=no
ac_cv_func_snprintf_c99=yes
ac_cv_func_stat_empty_string_bug=no
ac_cv_func_stat_ignores_trailing_slash=no
ac_cv_func_va_copy=yes
ac_cv_func_vsnprintf_c99=yes
ac_cv_have_abstract_sockets=yes
ac_cv_have_accrights_in_msghdr=no
ac_cv_have_broken_snprintf=no
ac_cv_have_control_in_msghdr=yes
ac_cv_have_decl_sys_siglist=no
ac_cv_have_long_long_format=yes
ac_cv_have_openpty_ctty_bug=yes
ac_cv_have_space_d_name_in_struct_dirent=yes
ac_cv_header_X=no
ac_cv_header__CC=no
ac_cv_header__CFLAGS=no
ac_cv_header__CPPFLAGS=no
ac_cv_header___5=no
ac_cv_header__c=no
ac_cv_header_conftest__ac_ext=no
ac_cv_header_curses_h=yes
ac_cv_header_dlfcn_h=yes
ac_cv_header_inttypes_h=yes
ac_cv_header_memory_h=yes
ac_cv_header_ncurses_curses_h=no
ac_cv_header_ncurses_h=yes
ac_cv_header_ncurses_termcap_h=no
ac_cv_header_netinet_sctp_h=no
ac_cv_header_netinet_sctp_uio_h=no
ac_cv_header_stdc=yes
ac_cv_header_stdint_h=yes
ac_cv_header_stdlib_h=yes
ac_cv_header_string_h=yes
ac_cv_header_strings_h=yes
ac_cv_header_sys_stat_h=yes
ac_cv_header_sys_types_h=yes
ac_cv_header_unistd_h=yes
ac_cv_host=i586-poky-linux-uclibc
ac_cv_lbl_unaligned_fail=no
ac_cv_lib_c_signalfd=yes
ac_cv_libiconv_utf8=yes
ac_cv_libnet_endianess=lil
ac_cv_linux_vers=2
ac_cv_need_trio=no
ac_cv_o_nonblock_inherited=no
ac_cv_objext=o
ac_cv_path_EGREP='/bin/grep -E'
ac_cv_path_ESD_CONFIG=no
ac_cv_path_FGREP='/bin/grep -F'
ac_cv_path_GREP=/bin/grep
ac_cv_path_SED=/bin/sed
ac_cv_path_ac_pt_PKG_CONFIG=/opt/clanton-tiny/1.4.2/sysroots/i686-pokysdk-linux/usr/bin/pkg-config
ac_cv_path_install='/usr/bin/install -c'
ac_cv_path_mkdir=/bin/mkdir
ac_cv_pread=no
ac_cv_prog_AR=i586-poky-linux-uclibc-ar
ac_cv_prog_AWK=gawk
ac_cv_prog_CC='i586-poky-linux-uclibc-gcc  -m32 -march=i586 --sysroot=/opt/clanton-tiny/1.4.2/sysroots/i586-poky-linux-uclibc'
ac_cv_prog_CPP='i586-poky-linux-uclibc-gcc -E  -m32 -march=i586 --sysroot=/opt/clanton-tiny/1.4.2/sysroots/i586-poky-linux-uclibc'
ac_cv_prog_CXXCPP='i586-poky-linux-uclibc-g++  -m32 -march=i586 --sysroot=/opt/clanton-tiny/1.4.2/sysroots/i586-poky-linux-uclibc -E'
ac_cv_prog_OBJDUMP=i586-poky-linux-uclibc-objdump
ac_cv_prog_RANLIB=i586-poky-linux-uclibc-ranlib
ac_cv_prog_STRIP=i586-poky-linux-uclibc-strip
ac_cv_prog_ac_ct_MANIFEST_TOOL=mt
ac_cv_prog_cc_c89=
ac_cv_prog_cc_g=yes
ac_cv_prog_cxx_g=yes
ac_cv_prog_make_make_set=yes
ac_cv_pwrite=no
ac_cv_sctp=no
ac_cv_sizeof_char=1
ac_cv_sizeof_char_p=4
ac_cv_sizeof_dev_t=8
ac_cv_sizeof_float=4
ac_cv_sizeof_gid_t=4
ac_cv_sizeof_ino_t=4
ac_cv_sizeof_int=4
ac_cv_sizeof_int_p=4
ac_cv_sizeof_long=4
ac_cv_sizeof_long_long=8
ac_cv_sizeof_long_p=4
ac_cv_sizeof_off_t=4
ac_cv_sizeof_pid_t=4
ac_cv_sizeof_short=2
ac_cv_sizeof_size_t=4
ac_cv_sizeof_ssize_t=4
ac_cv_sizeof_uid_t=4
ac_cv_sizeof_unsigned_char=1
ac_cv_sizeof_unsigned_char_p=4
ac_cv_sizeof_unsigned_int=4
ac_cv_sizeof_unsigned_long=4
ac_cv_sizeof_unsigned_long_long=8
ac_cv_sizeof_unsigned_short=2
ac_cv_sizeof_void_p=4
ac_cv_sizeof_wchar_t=4
ac_cv_sys_linker_h=no
ac_cv_sys_restartable_syscalls=yes
ac_cv_type_struct_timespec=yes
ac_cv_uchar=no
ac_cv_uint=yes
ac_cv_ulong=yes
ac_cv_ushort=yes
ac_cv_va_copy=yes
ac_cv_va_val_copy=yes
am_cv_CC_dependencies_compiler_type=gcc3
am_cv_CXX_dependencies_compiler_type=gcc3
am_cv_func_working_getline=yes
apr_cv_process_shared_works=no
apr_cv_tcp_nodelay_with_cork=yes
bash_cv_dup2_broken=no
bash_cv_func_sigsetjmp=missing
bash_cv_func_strcoll_broken=no
bash_cv_getcwd_calls_popen=no
bash_cv_getenv_redef=yes
bash_cv_have_mbstate_t=yes
bash_cv_job_control_missing=present
bash_cv_must_reinstall_sighandlers=no
bash_cv_opendir_not_robust=no
bash_cv_pgrp_pipe=no
bash_cv_printf_a_format=yes
bash_cv_sys_named_pipes=present
bash_cv_sys_siglist=no
bash_cv_type_rlimit=rlim_t
bash_cv_ulimit_maxfds=yes
bash_cv_under_sys_siglist=no
bash_cv_unusable_rtsigs=no
cvs_cv_func_printf_ptr=yes
db_cv_align_t='unsigned long long'
db_cv_alignp_t='unsigned long'
db_cv_fcntl_f_setfd=yes
db_cv_path_ar=/usr/bin/ar
db_cv_path_chmod=/bin/chmod
db_cv_path_cp=/bin/cp
db_cv_path_ln=/bin/ln
db_cv_path_mkdir=/bin/mkdir
db_cv_path_ranlib=/usr/bin/ranlib
db_cv_path_rm=/bin/rm
db_cv_path_sh=/bin/sh
db_cv_path_strip=/usr/bin/strip
db_cv_sprintf_count=yes
ettercap_cv_type_socklen_t=yes
fu_cv_sys_stat_statfs2_bsize=yes
gl_cv_func_fstatat_zero_flag=yes
gl_cv_func_gettimeofday_clobber=no
gl_cv_func_gettimeofday_posix_signature=yes
gl_cv_func_tzset_clobber=no
glib_cv_compliant_posix_memalign=1
glib_cv_has__inline=yes
glib_cv_has__inline__=yes
glib_cv_hasinline=yes
glib_cv_have_qsort_r=no
glib_cv_long_long_format=ll
glib_cv_rtldglobal_broken=yes
glib_cv_sane_realloc=yes
glib_cv_sizeof_gmutex=24
glib_cv_sizeof_system_thread=4
glib_cv_stack_grows=no
glib_cv_strlcpy=no
glib_cv_sys_pthread_cond_timedwait_posix=yes
glib_cv_sys_pthread_getspecific_posix=yes
glib_cv_sys_pthread_mutex_trylock_posix=yes
glib_cv_uscore=no
glib_cv_use_pid_surrogate=yes
glib_cv_va_val_copy=yes
jm_cv_func_gettimeofday_clobber=no
jm_cv_func_working_readdir=yes
lf_cv_sane_realloc=yes
lftp_cv_va_val_copy=yes
libIDL_cv_long_long_format=ll
lt_cv_ar_at_file=@
lt_cv_archive_cmds_need_lc=no
lt_cv_deplibs_check_method=pass_all
lt_cv_file_magic_cmd='$MAGIC_CMD'
lt_cv_file_magic_test_file=
lt_cv_ld_reload_flag=-r
lt_cv_nm_interface='BSD nm'
lt_cv_objdir=.libs
lt_cv_path_LD='i586-poky-linux-uclibc-ld   --sysroot=/opt/clanton-tiny/1.4.2/sysroots/i586-poky-linux-uclibc'
lt_cv_path_LDCXX='i586-poky-linux-uclibc-ld   --sysroot=/opt/clanton-tiny/1.4.2/sysroots/i586-poky-linux-uclibc'
lt_cv_path_NM=i586-poky-linux-uclibc-nm
lt_cv_path_mainfest_tool=no
lt_cv_prog_compiler_c_o=yes
lt_cv_prog_compiler_c_o_CXX=yes
lt_cv_prog_compiler_pic='-fPIC -DPIC'
lt_cv_prog_compiler_pic_CXX='-fPIC -DPIC'
lt_cv_prog_compiler_pic_works=yes
lt_cv_prog_compiler_pic_works_CXX=yes
lt_cv_prog_compiler_rtti_exceptions=no
lt_cv_prog_compiler_static_works=no
lt_cv_prog_compiler_static_works_CXX=no
lt_cv_prog_gnu_ld=yes
lt_cv_prog_gnu_ldcxx=yes
lt_cv_sharedlib_from_linklib_cmd='printf %s\n'
lt_cv_shlibpath_overrides_runpath=no
lt_cv_sys_global_symbol_pipe='sed -n -e '\''s/^.*[	 ]\([ABCDGIRSTW][ABCDGIRSTW]*\)[	 ][	 ]*\([_A-Za-z][_A-Za-z0-9]*\)$/\1 \2 \2/p'\'' | sed '\''/ __gnu_lto/d'\'''
lt_cv_sys_global_symbol_to_c_name_address='sed -n -e '\''s/^: \([^ ]*\)[ ]*$/  {\"\1\", (void *) 0},/p'\'' -e '\''s/^[ABCDGIRSTW]* \([^ ]*\) \([^ ]*\)$/  {"\2", (void *) \&\2},/p'\'''
lt_cv_sys_global_symbol_to_c_name_address_lib_prefix='sed -n -e '\''s/^: \([^ ]*\)[ ]*$/  {\"\1\", (void *) 0},/p'\'' -e '\''s/^[ABCDGIRSTW]* \([^ ]*\) \(lib[^ ]*\)$/  {"\2", (void *) \&\2},/p'\'' -e '\''s/^[ABCDGIRSTW]* \([^ ]*\) \([^ ]*\)$/  {"lib\2", (void *) \&\2},/p'\'''
lt_cv_sys_global_symbol_to_cdecl='sed -n -e '\''s/^T .* \(.*\)$/extern int \1();/p'\'' -e '\''s/^[ABCDGIRSTW]* .* \(.*\)$/extern char \1;/p'\'''
lt_cv_sys_max_cmd_len=1572864
lt_cv_to_host_file_cmd=func_convert_file_noop
lt_cv_to_tool_file_cmd=func_convert_file_noop
moz_cv_align_of_JS_ALIGN_OF_POINTER=4
moz_cv_size_of_JS_BYTES_PER_DOUBLE=8
moz_cv_size_of_JS_BYTES_PER_WORD=4
mr_cv_target_elf=yes
mysql_cv_func_atomic_add=yes
mysql_cv_func_atomic_sub=yes
nfsd_cv_broken_setfsuid=0
nfsd_cv_bsd_signals=yes
nfsd_cv_func_statfs=statfs2_bsize
php_cv_lib_cookie_io_functions_use_off64_t=yes
rpppoe_cv_pack_bitfields=rev
rsync_cv_HAVE_BROKEN_LARGEFILE=no
rsync_cv_HAVE_BROKEN_READDIR=no
rsync_cv_HAVE_C99_VSNPRINTF=yes
rsync_cv_HAVE_GETTIMEOFDAY_TZ=yes
rsync_cv_HAVE_LONGLONG=yes
rsync_cv_HAVE_OFF64_T=no
rsync_cv_HAVE_SECURE_MKSTEMP=yes
rsync_cv_HAVE_SHORT_INO_T=no
rsync_cv_HAVE_SOCKETPAIR=yes
rsync_cv_HAVE_UNSIGNED_CHAR=no
rsync_cv_REPLACE_INET_ATON=no
rsync_cv_REPLACE_INET_NTOA=no
samba_cv_HAVE_GETTIMEOFDAY_TZ=yes
samba_cv_HAVE_IFACE_AIX=no
samba_cv_HAVE_IFACE_IFCONF=yes
samba_cv_HAVE_IFACE_IFREQ=yes
samba_cv_HAVE_IRIX_SPECIFIC_CAPABILITIES=no
screen_cv_sys_bcopy_overlap=no
screen_cv_sys_fifo_broken_impl=yes
screen_cv_sys_fifo_usable=yes
screen_cv_sys_memcpy_overlap=no
screen_cv_sys_memmove_overlap=no
screen_cv_sys_select_broken_retval=no
screen_cv_sys_sockets_nofs=no
screen_cv_sys_sockets_usable=yes
screen_cv_sys_terminfo_used=yes
shadow_cv_logdir='${prefix}/var/log'
shadow_cv_maildir='${prefix}/var/spool/mail'
shadow_cv_mailfile=Mailbox
shadow_cv_passwd_dir='${exec_prefix}/bin'
shadow_cv_utmpdir='${prefix}/var/run'
slrn_cv_va_val_copy=yes
sudo_cv_func_unsetenv_void=no
tcl_cv_api_serial=termios
utils_cv_sys_open_max=1015

## ----------------- ##
## Output variables. ##
## ----------------- ##

ACLOCAL='${SHELL} /home/intellab/Edison/WorkDir/SoftwareDev/I2C_Dev/DrawCircle/missing --run aclocal-1.12'
AMDEPBACKSLASH='\'
AMDEP_FALSE='#'
AMDEP_TRUE=''
AMTAR='$${TAR-tar}'
AR='i586-poky-linux-uclibc-ar'
AUTOCONF='${SHELL} /home/intellab/Edison/WorkDir/SoftwareDev/I2C_Dev/DrawCircle/missing --run autoconf'
AUTOHEADER='${SHELL} /home/intellab/Edison/WorkDir/SoftwareDev/I2C_Dev/DrawCircle/missing --run autoheader'
AUTOMAKE='${SHELL} /home/intellab/Edison/WorkDir/SoftwareDev/I2C_Dev/DrawCircle/missing --run automake-1.12'
AWK='gawk'
CC='i586-poky-linux-uclibc-gcc  -m32 -march=i586 --sysroot=/opt/clanton-tiny/1.4.2/sysroots/i586-poky-linux-uclibc'
CCDEPMODE='depmode=gcc3'
CFLAGS=' -g -O0  --sysroot=/opt/clanton-tiny/1.4.2/sysroots/i586-poky-linux-uclibc'
CPP='i586-poky-linux-uclibc-gcc -E  -m32 -march=i586 --sysroot=/opt/clanton-tiny/1.4.2/sysroots/i586-poky-linux-uclibc'
CPPFLAGS=' --sysroot=/opt/clanton-tiny/1.4.2/sysroots/i586-poky-linux-uclibc'
CXX='i586-poky-linux-uclibc-g++  -m32 -march=i586 --sysroot=/opt/clanton-tiny/1.4.2/sysroots/i586-poky-linux-uclibc'
CXXCPP='i586-poky-linux-uclibc-g++  -m32 -march=i586 --sysroot=/opt/clanton-tiny/1.4.2/sysroots/i586-poky-linux-uclibc -E'
CXXDEPMODE='depmode=gcc3'
CXXFLAGS=' -g -O0  --sysroot=/opt/clanton-tiny/1.4.2/sysroots/i586-poky-linux-uclibc'
CYGPATH_W='echo'
DEFS='-DHAVE_CONFIG_H'
DEPDIR='.deps'
DLLTOOL='false'
DSYMUTIL=''
DUMPBIN=''
DrawCircle_CFLAGS=''
DrawCircle_LIBS=''
ECHO_C=''
ECHO_N='-n'
ECHO_T=''
EGREP='/bin/grep -E'
EXEEXT=''
FGREP='/bin/grep -F'
GREP='/bin/grep'
INSTALL_DATA='${INSTALL} -m 644'
INSTALL_PROGRAM='${INSTALL}'
INSTALL_SCRIPT='${INSTALL}'
INSTALL_STRIP_PROGRAM='$(install_sh) -c -s'
LD='i586-poky-linux-uclibc-ld   --sysroot=/opt/clanton-tiny/1.4.2/sysroots/i586-poky-linux-uclibc'
LDFLAGS=' --sysroot=/opt/clanton-tiny/1.4.2/sysroots/i586-poky-linux-uclibc'
LIBOBJS=''
LIBS=''
LIBTOOL='$(top_builddir)/i586-poky-linux-uclibc-libtool'
LIPO=''
LN_S='ln -s'
LTLIBOBJS=''
MAKEINFO='${SHELL} /home/intellab/Edison/WorkDir/SoftwareDev/I2C_Dev/DrawCircle/missing --run makeinfo'
MANIFEST_TOOL=':'
MKDIR_P='/bin/mkdir -p'
NM='i586-poky-linux-uclibc-nm'
NMEDIT=''
OBJDUMP='i586-poky-linux-uclibc-objdump'
OBJEXT='o'
OTOOL64=''
OTOOL=''
PACKAGE='DrawCircle'
PACKAGE_BUGREPORT=''
PACKAGE_NAME='DrawCircle'
PACKAGE_STRING='DrawCircle 0.1.0'
PACKAGE_TARNAME='drawcircle'
PACKAGE_URL=''
PACKAGE_VERSION='0.1.0'
PATH_SEPARATOR=':'
PKG_CONFIG='/opt/clanton-tiny/1.4.2/sysroots/i686-pokysdk-linux/usr/bin/pkg-config'
PKG_CONFIG_LIBDIR=''
PKG_CONFIG_PATH='/opt/clanton-tiny/1.4.2/sysroots/i586-poky-linux-uclibc/usr/lib/pkgconfig'
RANLIB='i586-poky-linux-uclibc-ranlib'
SED='/bin/sed'
SET_MAKE=''
SHELL='/bin/bash'
STRIP='i586-poky-linux-uclibc-strip'
VERSION='0.1.0'
ac_ct_AR=''
ac_ct_CC=''
ac_ct_CXX=''
ac_ct_DUMPBIN=''
am__EXEEXT_FALSE=''
am__EXEEXT_TRUE='#'
am__fastdepCC_FALSE='#'
am__fastdepCC_TRUE=''
am__fastdepCXX_FALSE='#'
am__fastdepCXX_TRUE=''
am__include='include'
am__isrc=''
am__leading_dot='.'
am__nodep='_no'
am__quote=''
am__tar='$${TAR-tar} chof - "$$tardir"'
am__untar='$${TAR-tar} xf -'
bindir='${exec_prefix}/bin'
build='i686-pc-linux-gnu'
build_alias='i686-linux'
build_cpu='i686'
build_os='linux-gnu'
build_vendor='pc'
datadir='${datarootdir}'
datarootdir='${prefix}/share'
docdir='${datarootdir}/doc/${PACKAGE_TARNAME}'
dvidir='${docdir}'
exec_prefix='${prefix}'
host='i586-poky-linux-uclibc'
host_alias='i586-poky-linux-uclibc'
host_cpu='i586'
host_os='linux-uclibc'
host_vendor='poky'
htmldir='${docdir}'
includedir='${prefix}/include'
infodir='${datarootdir}/info'
install_sh='${SHELL} /home/intellab/Edison/WorkDir/SoftwareDev/I2C_Dev/DrawCircle/install-sh'
libdir='${exec_prefix}/lib'
libexecdir='${exec_prefix}/libexec'
localedir='${datarootdir}/locale'
localstatedir='${prefix}/var'
mandir='${datarootdir}/man'
mkdir_p='$(MKDIR_P)'
oldincludedir='/usr/include'
pdfdir='${docdir}'
prefix='/usr/local'
program_transform_name='s,x,x,'
psdir='${docdir}'
sbindir='${exec_prefix}/sbin'
sharedstatedir='${prefix}/com'
sysconfdir='${prefix}/etc'
target_alias='i586-poky-linux-uclibc'

## ----------- ##
## confdefs.h. ##
## ----------- ##

/* confdefs.h */
#define PACKAGE_NAME "DrawCircle"
#define PACKAGE_TARNAME "drawcircle"
#define PACKAGE_VERSION "0.1.0"
#define PACKAGE_STRING "DrawCircle 0.1.0"
#define PACKAGE_BUGREPORT ""
#define PACKAGE_URL ""
#define PACKAGE "DrawCircle"
#define VERSION "0.1.0"
#define STDC_HEADERS 1
#define HAVE_SYS_TYPES_H 1
#define HAVE_SYS_STAT_H 1
#define HAVE_STDLIB_H 1
#define HAVE_STRING_H 1
#define HAVE_MEMORY_H 1
#define HAVE_STRINGS_H 1
#define HAVE_INTTYPES_H 1
#define HAVE_STDINT_H 1
#define HAVE_UNISTD_H 1
#define HAVE_DLFCN_H 1
#define LT_OBJDIR ".libs/"

configure: exit 0

## ---------------------- ##
## Running config.status. ##
## ---------------------- ##

This file was extended by DrawCircle config.status 0.1.0, which was
generated by GNU Autoconf 2.69.  Invocation command line was

  CONFIG_FILES    = 
  CONFIG_HEADERS  = 
  CONFIG_LINKS    = 
  CONFIG_COMMANDS = 
  $ ./config.status Makefile

on intellab

config.status:1145: creating Makefile

## ---------------------- ##
## Running config.status. ##
## ---------------------- ##

This file was extended by DrawCircle config.status 0.1.0, which was
generated by GNU Autoconf 2.69.  Invocation command line was

  CONFIG_FILES    = 
  CONFIG_HEADERS  = 
  CONFIG_LINKS    = 
  CONFIG_COMMANDS = 
  $ ./config.status src/Makefile depfiles

on intellab

config.status:1145: creating src/Makefile
config.status:1374: executing depfiles commands

## ---------------------- ##
## Running config.status. ##
## ---------------------- ##

This file was extended by DrawCircle config.status 0.1.0, which was
generated by GNU Autoconf 2.69.  Invocation command line was

  CONFIG_FILES    = 
  CONFIG_HEADERS  = 
  CONFIG_LINKS    = 
  CONFIG_COMMANDS = 
  $ ./config.status src/Makefile depfiles

on intellab

config.status:1145: creating src/Makefile
config.status:1374: executing depfiles commands

## ---------------------- ##
## Running config.status. ##
## ---------------------- ##

This file was extended by DrawCircle config.status 0.1.0, which was
generated by GNU Autoconf 2.69.  Invocation command line was

  CONFIG_FILES    = 
  CONFIG_HEADERS  = 
  CONFIG_LINKS    = 
  CONFIG_COMMANDS = 
  $ ./config.status src/Makefile depfiles

on intellab

config.status:1145: creating src/Makefile
config.status:1374: executing depfiles commands

## ---------------------- ##
## Running config.status. ##
## ---------------------- ##

This file was extended by DrawCircle config.status 0.1.0, which was
generated by GNU Autoconf 2.69.  Invocation command line was

  CONFIG_FILES    = 
  CONFIG_HEADERS  = 
  CONFIG_LINKS    = 
  CONFIG_COMMANDS = 
  $ ./config.status src/Makefile depfiles

on intellab

config.status:1145: creating src/Makefile
config.status:1374: executing depfiles commands

## ---------------------- ##
## Running config.status. ##
## ---------------------- ##

This file was extended by DrawCircle config.status 0.1.0, which was
generated by GNU Autoconf 2.69.  Invocation command line was

  CONFIG_FILES    = 
  CONFIG_HEADERS  = 
  CONFIG_LINKS    = 
  CONFIG_COMMANDS = 
  $ ./config.status src/Makefile depfiles

on intellab

config.status:1145: creating src/Makefile
config.status:1374: executing depfiles commands

## ---------------------- ##
## Running config.status. ##
## ---------------------- ##

This file was extended by DrawCircle config.status 0.1.0, which was
generated by GNU Autoconf 2.69.  Invocation command line was

  CONFIG_FILES    = 
  CONFIG_HEADERS  = 
  CONFIG_LINKS    = 
  CONFIG_COMMANDS = 
  $ ./config.status src/Makefile depfiles

on intellab

config.status:1145: creating src/Makefile
config.status:1374: executing depfiles commands

## ---------------------- ##
## Running config.status. ##
## ---------------------- ##

This file was extended by DrawCircle config.status 0.1.0, which was
generated by GNU Autoconf 2.69.  Invocation command line was

  CONFIG_FILES    = 
  CONFIG_HEADERS  = 
  CONFIG_LINKS    = 
  CONFIG_COMMANDS = 
  $ ./config.status src/Makefile depfiles

on intellab

config.status:1145: creating src/Makefile
config.status:1374: executing depfiles commands

## ---------------------- ##
## Running config.status. ##
## ---------------------- ##

This file was extended by DrawCircle config.status 0.1.0, which was
generated by GNU Autoconf 2.69.  Invocation command line was

  CONFIG_FILES    = 
  CONFIG_HEADERS  = 
  CONFIG_LINKS    = 
  CONFIG_COMMANDS = 
  $ ./config.status src/Makefile depfiles

on intellab

config.status:1145: creating src/Makefile
config.status:1374: executing depfiles commands

## ---------------------- ##
## Running config.status. ##
## ---------------------- ##

This file was extended by DrawCircle config.status 0.1.0, which was
generated by GNU Autoconf 2.69.  Invocation command line was

  CONFIG_FILES    = 
  CONFIG_HEADERS  = 
  CONFIG_LINKS    = 
  CONFIG_COMMANDS = 
  $ ./config.status src/Makefile depfiles

on intellab

config.status:1145: creating src/Makefile
config.status:1374: executing depfiles commands

## ---------------------- ##
## Running config.status. ##
## ---------------------- ##

This file was extended by DrawCircle config.status 0.1.0, which was
generated by GNU Autoconf 2.69.  Invocation command line was

  CONFIG_FILES    = 
  CONFIG_HEADERS  = 
  CONFIG_LINKS    = 
  CONFIG_COMMANDS = 
  $ ./config.status src/Makefile depfiles

on intellab

config.status:1145: creating src/Makefile
config.status:1374: executing depfiles commands

## ---------------------- ##
## Running config.status. ##
## ---------------------- ##

This file was extended by DrawCircle config.status 0.1.0, which was
generated by GNU Autoconf 2.69.  Invocation command line was

  CONFIG_FILES    = 
  CONFIG_HEADERS  = 
  CONFIG_LINKS    = 
  CONFIG_COMMANDS = 
  $ ./config.status src/Makefile depfiles

on intellab

config.status:1145: creating src/Makefile
config.status:1374: executing depfiles commands

## ---------------------- ##
## Running config.status. ##
## ---------------------- ##

This file was extended by DrawCircle config.status 0.1.0, which was
generated by GNU Autoconf 2.69.  Invocation command line was

  CONFIG_FILES    = 
  CONFIG_HEADERS  = 
  CONFIG_LINKS    = 
  CONFIG_COMMANDS = 
  $ ./config.status src/Makefile depfiles

on intellab

config.status:1145: creating src/Makefile
config.status:1374: executing depfiles commands

## ---------------------- ##
## Running config.status. ##
## ---------------------- ##

This file was extended by DrawCircle config.status 0.1.0, which was
generated by GNU Autoconf 2.69.  Invocation command line was

  CONFIG_FILES    = 
  CONFIG_HEADERS  = 
  CONFIG_LINKS    = 
  CONFIG_COMMANDS = 
  $ ./config.status src/Makefile depfiles

on intellab

config.status:1145: creating src/Makefile
config.status:1374: executing depfiles commands

## ---------------------- ##
## Running config.status. ##
## ---------------------- ##

This file was extended by DrawCircle config.status 0.1.0, which was
generated by GNU Autoconf 2.69.  Invocation command line was

  CONFIG_FILES    = 
  CONFIG_HEADERS  = 
  CONFIG_LINKS    = 
  CONFIG_COMMANDS = 
  $ ./config.status src/Makefile depfiles

on intellab

config.status:1145: creating src/Makefile
config.status:1374: executing depfiles commands
